<?xml version="1.0" encoding="UTF-8"?>
<beans xmlns="http://www.springframework.org/schema/beans"
	xmlns:xsi="http://www.w3.org/2001/XMLSchema-instance"
	xmlns:c="http://www.springframework.org/schema/c"
	xmlns:p="http://www.springframework.org/schema/p"
	xmlns:context="http://www.springframework.org/schema/context"
	xmlns:tx="http://www.springframework.org/schema/tx"
	xmlns:util="http://www.springframework.org/schema/util"
	xmlns:jpa="http://www.springframework.org/schema/data/jpa"
	xsi:schemaLocation="http://www.springframework.org/schema/beans http://www.springframework.org/schema/beans/spring-beans-4.1.xsd
		http://www.springframework.org/schema/context http://www.springframework.org/schema/context/spring-context-4.1.xsd
		http://www.springframework.org/schema/data/jpa http://www.springframework.org/schema/data/jpa/spring-jpa-1.8.xsd
		http://www.springframework.org/schema/tx http://www.springframework.org/schema/tx/spring-tx-4.1.xsd
		http://www.springframework.org/schema/util http://www.springframework.org/schema/util/spring-util-4.1.xsd">
    
    <context:annotation-config/>
    <context:component-scan base-package="com.jedlab.service"/>
    <tx:annotation-driven transaction-manager="transactionManager"/>
    <context:property-placeholder location="classpath:jdbc.properties"/>
    
     <bean id="employeeDataSource" class="com.mchange.v2.c3p0.ComboPooledDataSource"

        destroy-method="close">

        <property name="driverClass" value="${jdbc.driverClassName}" />

        <property name="jdbcUrl" value="${jdbc.employee_db_url}" />

        <property name="user" value="${jdbc.username}" />

        <property name="password" value="${jdbc.password}" />

        <property name="maxPoolSize" value="${jdbc.maxPoolSize}" />

        <property name="minPoolSize" value="${jdbc.minPoolSize}" />

        <property name="maxStatements" value="${jdbc.maxStatements}" />

        <property name="testConnectionOnCheckout" value="${jdbc.testConnection}" />

    </bean>
    
    <jpa:repositories base-package="com.jedlab.dao" entity-manager-factory-ref="entityManagerFactory" transaction-manager-ref="transactionManager"/>
    <bean class="org.springframework.orm.jpa.JpaTransactionManager" id="transactionManager">
    <property name="entityManagerFactory" ref="entityManagerFactory"/>
    <property name="jpaDialect">
    <bean class="org.springframework.orm.jpa.vendor.HibernateJpaDialect"/>
    </property>
    </bean>
    
    <bean id="entityManagerFactory" class="org.springframework.orm.jpa.LocalContainerEntityManagerFactoryBean">
    <property name="dataSource" ref="employeeDataSource"/>
    <property name="packagesToScan" value="com.jedlab.model"/>
    <property name="jpaVendorAdapter">
    <bean class="org.springframework.orm.jpa.vendor.HibernateJpaVendorAdapter">
    <property name="generateDdl" value="true"/>
    <property name="showSql" value="true"/>
    <property name="databasePlatform" value="org.hibernate.dialect.PostgreSQLDialect"/>
    <property name="database" value="POSTGRESQL"/>
    </bean>
    </property>
    </bean>
    </beans>
    
    
    